  0%|                                                                                                                                                                             | 0/10000 [00:00<?, ?it/s]dqn.py:40: UserWarning: Implicit dimension choice for softmax has been deprecated. Change the call to include dim=X as an argument.
  return F.softmax(x)
  0%|                                                                                                                                                                     | 4/10000 [00:00<36:25,  4.57it/s]  0%|▏                                                                                                                                                                    | 8/10000 [00:00<27:02,  6.16it/s]  0%|▏                                                                                                                                                                   | 12/10000 [00:01<20:26,  8.14it/s]  0%|▎                                                                                                                                                                   | 16/10000 [00:01<15:49, 10.52it/s]  0%|▎                                                                                                                                                                   | 20/10000 [00:01<12:35, 13.20it/s]  0%|▍                                                                                                                                                                   | 24/10000 [00:01<10:21, 16.06it/s]  0%|▍                                                                                                                                                                   | 28/10000 [00:01<08:45, 18.97it/s]  0%|▌                                                                                                                                                                   | 32/10000 [00:01<07:39, 21.71it/s]  0%|▌                                                                                                                                                                   | 36/10000 [00:01<06:53, 24.09it/s]  0%|▋                                                                                                                                                                   | 40/10000 [00:01<06:20, 26.18it/s]  0%|▋                                                                                                                                                                   | 44/10000 [00:02<05:58, 27.73it/s]  0%|▊                                                                                                                                                                   | 48/10000 [00:02<05:44, 28.93it/s]  1%|▊                                                                                                                                                                   | 52/10000 [00:02<05:32, 29.88it/s]  1%|▉                                                                                                                                                                   | 56/10000 [00:02<05:23, 30.75it/s]  1%|▉                                                                                                                                                                   | 60/10000 [00:02<05:18, 31.23it/s]  1%|█                                                                                                                                                                   | 64/10000 [00:02<05:14, 31.64it/s]  1%|█                                                                                                                                                                   | 68/10000 [00:02<05:10, 31.96it/s]  1%|█▏                                                                                                                                                                  | 72/10000 [00:02<05:08, 32.21it/s]  1%|█▏                                                                                                                                                                  | 76/10000 [00:03<05:07, 32.25it/s]  1%|█▎                                                                                                                                                                  | 80/10000 [00:03<05:06, 32.37it/s]  1%|█▍                                                                                                                                                                  | 84/10000 [00:03<05:06, 32.37it/s]  1%|█▍                                                                                                                                                                  | 88/10000 [00:03<05:09, 32.06it/s]  1%|█▌                                                                                                                                                                  | 92/10000 [00:03<05:10, 31.93it/s]  1%|█▌                                                                                                                                                                  | 96/10000 [00:03<05:09, 32.00it/s]  1%|█▋                                                                                                                                                                 | 100/10000 [00:03<05:07, 32.16it/s]  1%|█▋                                                                                                                                                                 | 100/10000 [00:03<06:25, 25.69it/s]
Traceback (most recent call last):
  File "/home/user/miniconda/envs/py36/lib/python3.6/site-packages/gym/envs/classic_control/rendering.py", line 27, in <module>
    from pyglet.gl import *
  File "/home/user/miniconda/envs/py36/lib/python3.6/site-packages/pyglet/gl/__init__.py", line 95, in <module>
    from pyglet.gl.lib import GLException
  File "/home/user/miniconda/envs/py36/lib/python3.6/site-packages/pyglet/gl/lib.py", line 149, in <module>
    from pyglet.gl.lib_glx import link_GL, link_GLU, link_GLX
  File "/home/user/miniconda/envs/py36/lib/python3.6/site-packages/pyglet/gl/lib_glx.py", line 45, in <module>
    gl_lib = pyglet.lib.load_library('GL')
  File "/home/user/miniconda/envs/py36/lib/python3.6/site-packages/pyglet/lib.py", line 164, in load_library
    raise ImportError('Library "%s" not found.' % names[0])
ImportError: Library "GL" not found.

During handling of the above exception, another exception occurred:

Traceback (most recent call last):
  File "dqn.py", line 180, in <module>
    visualize()
  File "dqn.py", line 97, in visualize
    img = env.render(mode='rgb_array')
  File "/home/user/miniconda/envs/py36/lib/python3.6/site-packages/gym/core.py", line 235, in render
    return self.env.render(mode, **kwargs)
  File "/home/user/miniconda/envs/py36/lib/python3.6/site-packages/gym/envs/classic_control/cartpole.py", line 150, in render
    from gym.envs.classic_control import rendering
  File "/home/user/miniconda/envs/py36/lib/python3.6/site-packages/gym/envs/classic_control/rendering.py", line 34, in <module>
    ''')
ImportError: 
    Error occurred while running `from pyglet.gl import *`
    HINT: make sure you have OpenGL install. On Ubuntu, you can run 'apt-get install python-opengl'.
    If you're running on a server, you may need a virtual frame buffer; something like this should work:
    'xvfb-run -s "-screen 0 1400x900x24" python <your_script.py>'
    
